<?xml version="1.0" encoding="UTF-8"?>
<!-- Generated by org.testng.reporters.JUnitReportReporter -->
<testsuite hostname="LAPTOP-851HV06U" failures="0" tests="1" name="test.GoogleSearchTest" time="4.951" errors="0" timestamp="2020-05-24T19:00:55 IST" skipped="0">
  <testcase classname="test.GoogleSearchTest" name="googleSearchTest" time="4.951"/>
  <system-out/>
</testsuite> <!-- test.GoogleSearchTest -->
