<?xml version="1.0" encoding="UTF-8"?>
<!-- Generated by org.testng.reporters.JUnitReportReporter -->
<testsuite hostname="LAPTOP-851HV06U" failures="0" tests="2" name="utils.ExelDataProvider" time="0.012" errors="0" timestamp="2020-05-26T10:50:55 IST" skipped="0">
  <testcase classname="utils.ExelDataProvider" name="testing" time="0.004"/>
  <system-out/>
  <testcase classname="utils.ExelDataProvider" name="testing" time="0.008"/>
  <system-out/>
</testsuite> <!-- utils.ExelDataProvider -->
